C51 COMPILER V9.54   DHT11                                                                 05/13/2019 20:46:31 PAGE 1   


C51 COMPILER V9.54, COMPILATION OF MODULE DHT11
OBJECT MODULE PLACED IN .\Objects\DHT11.obj
COMPILER INVOKED BY: E:\Keil_v5\C51\BIN\C51.EXE hardware\DHT11\DHT11.c OPTIMIZE(8,SPEED) BROWSE INCDIR(.\hardware\delay;
                    -.\hardware\DHT11;.\hardware\NRF24L01) DEBUG OBJECTEXTEND PRINT(.\Listings\DHT11.lst) TABS(2) OBJECT(.\Objects\DHT11.obj)

line level    source

   1          #include "DHT11.h"
   2          
   3          static unsigned char DHT11ReadByte(void)
   4          {
   5   1        unsigned char count=0 ;
   6   1        unsigned char i, datCode;
   7   1       
   8   1        for(i=0;i<8;i++)    
   9   1        { 
  10   2            datCode <<= 1;
  11   2          count=0;
  12   2            while( (!DHT11_DATA_BIT) && (count<250))  //等待50us低电平结束    
  13   2            count++;      
  14   2          delay_25us(2);        //如果50us后
  15   2          if (DHT11_DATA_BIT)     //还是高电平，说明数据是1
  16   2          { 
  17   3            datCode |= 0x01;
  18   3            count=0;
  19   3            while((DHT11_DATA_BIT) &&(count<250))
  20   3              count++;
  21   3          } 
  22   2        }
  23   1        return datCode; 
  24   1      }
  25          
  26          void DHT11ReadInfo(DHT11_info *temp)
  27          {
  28   1        unsigned char count;
  29   1        
  30   1        DHT11_DATA_BIT = 0;
  31   1        delay_1ms(19);        //拉低至少18ms
  32   1        
  33   1        DHT11_DATA_BIT = 1;
  34   1        delay_25us(1);        //拉高20-40us
  35   1        DHT11_DATA_BIT = 1;
  36   1        
  37   1        if(!DHT11_DATA_BIT)     //从机响应拉低
  38   1        {             //低电平大约80us
  39   2          count = 0;
  40   2          while((!DHT11_DATA_BIT) && (count<250)) 
  41   2            count++;          //等待拉低结束
  42   2          count = 0;        //拉低结束后，将持续高电平约80us
  43   2          
  44   2          while((DHT11_DATA_BIT) && (count<250)) 
  45   2            count++;          //等待高电平结束
  46   2          
  47   2          //开始传输数据，每bit数据都是以50us低电平开始，高电平结束，
  48   2          //判断高电平持续的时间是否大于28us，大则该bit为1
  49   2          temp->Humidity_H  = DHT11ReadByte() ; //Humidity_H
  50   2          temp->Humidity_L  = DHT11ReadByte() ; //Humidity_L
  51   2          temp->Temperature_H = DHT11ReadByte() ; //Temperature_H
  52   2          temp->Temperature_L = DHT11ReadByte() ; //Temperature_L
  53   2          temp->DHT11_CRC   = DHT11ReadByte() ; //DHT11_CRC
  54   2          
C51 COMPILER V9.54   DHT11                                                                 05/13/2019 20:46:31 PAGE 2   

  55   2          
  56   2          DHT11_DATA_BIT = 1; 
  57   2        }
  58   1      }
  59          
  60          
  61          
  62          
  63          


MODULE INFORMATION:   STATIC OVERLAYABLE
   CODE SIZE        =    193    ----
   CONSTANT SIZE    =   ----    ----
   XDATA SIZE       =   ----    ----
   PDATA SIZE       =   ----    ----
   DATA SIZE        =   ----       6
   IDATA SIZE       =   ----    ----
   BIT SIZE         =   ----    ----
END OF MODULE INFORMATION.


C51 COMPILATION COMPLETE.  0 WARNING(S),  0 ERROR(S)
