C51 COMPILER V9.54   MAIN                                                                  05/13/2019 20:46:31 PAGE 1   


C51 COMPILER V9.54, COMPILATION OF MODULE MAIN
OBJECT MODULE PLACED IN .\Objects\main.obj
COMPILER INVOKED BY: E:\Keil_v5\C51\BIN\C51.EXE user\main.c OPTIMIZE(8,SPEED) BROWSE INCDIR(.\hardware\delay;.\hardware\
                    -DHT11;.\hardware\NRF24L01) DEBUG OBJECTEXTEND PRINT(.\Listings\main.lst) TABS(2) OBJECT(.\Objects\main.obj)

line level    source

   1          #include "delay.h"
   2          #include "DHT11.h"
   3          #include "nrf24l01.h"
   4          
   5          sbit fire = P1^1;
   6          sbit water =P1^2;
   7          
   8          DHT11_info dht11_data;
   9          
  10          uchar num3sec = 0;      //3秒
  11          
  12          
  13          void Int3Init()
  14          {
  15   1        TMOD = 0X10;    //定时器1设置为工作方式1
  16   1        TH1=(65536-50000)/256;    
  17   1        TL1=(65536-50000)%256;
  18   1          ET1 = 1;
  19   1          TR1 = 1;
  20   1          EA=1;  
  21   1      }
  22          
  23          
  24          /******************主函数*********************/
  25          void main()
  26          {
  27   1        uchar buf[6] = {0};
  28   1        buf[0] = 0x03;
  29   1        buf[5] = 0;
  30   1        
  31   1        delay_1ms(500);
  32   1        SI24R1_Init();
  33   1        SI24R1_TX_Mode_multichannel();
  34   1      
  35   1        Int3Init();
  36   1        while(1)
  37   1        {
  38   2      
  39   2          if(water)
  40   2            buf[5] &= 0xfe;
  41   2          else
  42   2            buf[5] |= 0x01;
  43   2          if(fire)
  44   2            buf[5] &= 0x7f;
  45   2          else
  46   2          {
  47   3            buf[5] |= 0x80;
  48   3            SI24R1_TxPacket(buf);
  49   3            delay_1ms(500);
  50   3          }
  51   2        
  52   2          if(num3sec > 60)              //3秒时间到
  53   2          {
  54   3            num3sec = 0;
C51 COMPILER V9.54   MAIN                                                                  05/13/2019 20:46:31 PAGE 2   

  55   3            DHT11ReadInfo(&dht11_data);
  56   3            
  57   3            if(dht11_data.DHT11_CRC == dht11_data.Humidity_H + dht11_data.Humidity_L + dht11_data.Temperature_H + d
             -ht11_data.Temperature_L)
  58   3            { 
  59   4              buf[1] = dht11_data.Temperature_H;
  60   4              buf[2] = dht11_data.Temperature_L;
  61   4              buf[3] = dht11_data.Humidity_H;
  62   4              buf[4] = dht11_data.Humidity_L;
  63   4            }
  64   3            SI24R1_TxPacket(buf);     
  65   3          }
  66   2          
  67   2        }
  68   1      }
  69          
  70          void T1_time()interrupt 3     
  71          {
  72   1        TH1=(65536-50000)/256;    
  73   1        TL1=(65536-50000)%256;    
  74   1        num3sec++;
  75   1        if(num3sec > 66)              //3秒时间到
  76   1            num3sec = 0;
  77   1        
  78   1      }


MODULE INFORMATION:   STATIC OVERLAYABLE
   CODE SIZE        =    196    ----
   CONSTANT SIZE    =      6    ----
   XDATA SIZE       =   ----    ----
   PDATA SIZE       =   ----    ----
   DATA SIZE        =      6       6
   IDATA SIZE       =   ----    ----
   BIT SIZE         =   ----    ----
END OF MODULE INFORMATION.


C51 COMPILATION COMPLETE.  0 WARNING(S),  0 ERROR(S)
