C51 COMPILER V9.54   DELAY                                                                 05/13/2019 20:45:00 PAGE 1   


C51 COMPILER V9.54, COMPILATION OF MODULE DELAY
OBJECT MODULE PLACED IN .\Objects\delay.obj
COMPILER INVOKED BY: E:\Keil_v5\C51\BIN\C51.EXE hardware\delay\delay.c OPTIMIZE(8,SPEED) BROWSE INCDIR(.\hardware\delay;
                    -.\hardware\DHT11;.\hardware\NRF24L01) DEBUG OBJECTEXTEND PRINT(.\Listings\delay.lst) TABS(2) OBJECT(.\Objects\delay.obj)

line level    source

   1          //晶振为11.0592MHz
   2          #include "delay.h"
   3            
   4          //x=1就延时1ms
   5          void delay_1ms(int x)
   6          {
   7   1        int i,j;
   8   1        for(i = x; i>0; i--)
   9   1          for(j=111; j>0; j--);
  10   1      }
  11          
  12            
  13          //x=1就延时25us
  14          void delay_25us(int x)
  15          {
  16   1        int j;
  17   1        for(j=x;j>0;j--)
  18   1          _nop_();
  19   1      }


MODULE INFORMATION:   STATIC OVERLAYABLE
   CODE SIZE        =     52    ----
   CONSTANT SIZE    =   ----    ----
   XDATA SIZE       =   ----    ----
   PDATA SIZE       =   ----    ----
   DATA SIZE        =   ----    ----
   IDATA SIZE       =   ----    ----
   BIT SIZE         =   ----    ----
END OF MODULE INFORMATION.


C51 COMPILATION COMPLETE.  0 WARNING(S),  0 ERROR(S)
