C51 COMPILER V9.54   MAIN                                                                  05/13/2019 20:44:59 PAGE 1   


C51 COMPILER V9.54, COMPILATION OF MODULE MAIN
OBJECT MODULE PLACED IN .\Objects\main.obj
COMPILER INVOKED BY: E:\Keil_v5\C51\BIN\C51.EXE user\main.c OPTIMIZE(8,SPEED) BROWSE INCDIR(.\hardware\delay;.\hardware\
                    -DHT11;.\hardware\NRF24L01) DEBUG OBJECTEXTEND PRINT(.\Listings\main.lst) TABS(2) OBJECT(.\Objects\main.obj)

line level    source

   1          #include "delay.h"
   2          #include "DHT11.h"
   3          #include "nrf24l01.h"
   4          
   5          sbit fire = P1^1;
   6          sbit water =P1^2;
   7          
   8          DHT11_info dht11_data;
   9          
  10          uchar num3sec = 0;      //3秒
  11          
  12          void Int3Init()
  13          {
  14   1        TMOD = 0X10;    //定时器1设置为工作方式1
  15   1        TH1=(65536-50000)/256;    
  16   1        TL1=(65536-50000)%256;
  17   1          ET1 = 1;
  18   1          TR1 = 1;
  19   1          EA=1;  
  20   1      }
  21          
  22          
  23          /******************主函数*********************/
  24          void main()
  25          {
  26   1        uchar buf[6] = {0};
  27   1        buf[0] = 0x01;
  28   1        buf[5] = 0;
  29   1        
  30   1        delay_1ms(500);
  31   1        SI24R1_Init();
  32   1        SI24R1_TX_Mode_multichannel();
  33   1      
  34   1        Int3Init();
  35   1        while(1)
  36   1        {
  37   2            if(water)
  38   2              buf[5] &= 0xfe;
  39   2            else
  40   2              buf[5] |= 0x01;
  41   2            if(fire)
  42   2              buf[5] &= 0x7f;
  43   2            else
  44   2            {
  45   3              buf[5] |= 0x80;
  46   3              SI24R1_TxPacket(buf);
  47   3              delay_1ms(500);
  48   3            }
  49   2          
  50   2          
  51   2            if(num3sec > 60)              //3秒时间到
  52   2            {
  53   3                num3sec = 0;
  54   3                DHT11ReadInfo(&dht11_data);
C51 COMPILER V9.54   MAIN                                                                  05/13/2019 20:44:59 PAGE 2   

  55   3                
  56   3                if(dht11_data.DHT11_CRC == dht11_data.Humidity_H + dht11_data.Humidity_L + dht11_data.Temperature_H +
             - dht11_data.Temperature_L)
  57   3                { 
  58   4                  buf[1] = dht11_data.Temperature_H;
  59   4                  buf[2] = dht11_data.Temperature_L;
  60   4                  buf[3] = dht11_data.Humidity_H;
  61   4                  buf[4] = dht11_data.Humidity_L;
  62   4                }     
  63   3                SI24R1_TxPacket(buf);
  64   3            }
  65   2        }
  66   1      }
  67          
  68          void T1_time()interrupt 3     
  69          {
  70   1        TH1=(65536-50000)/256;    
  71   1        TL1=(65536-50000)%256;    
  72   1        num3sec++;
  73   1        if(num3sec > 66)              //3秒时间到
  74   1            num3sec = 0;
  75   1        
  76   1      }


MODULE INFORMATION:   STATIC OVERLAYABLE
   CODE SIZE        =    196    ----
   CONSTANT SIZE    =      6    ----
   XDATA SIZE       =   ----    ----
   PDATA SIZE       =   ----    ----
   DATA SIZE        =      6       6
   IDATA SIZE       =   ----    ----
   BIT SIZE         =   ----    ----
END OF MODULE INFORMATION.


C51 COMPILATION COMPLETE.  0 WARNING(S),  0 ERROR(S)
