C51 COMPILER V9.54   MAIN                                                                  05/13/2019 20:34:22 PAGE 1   


C51 COMPILER V9.54, COMPILATION OF MODULE MAIN
OBJECT MODULE PLACED IN .\Objects\main.obj
COMPILER INVOKED BY: E:\Keil_v5\C51\BIN\C51.EXE user\main.c OPTIMIZE(8,SPEED) BROWSE INCDIR(.\hardware\delay;.\hardware\
                    -ds1302;.\hardware\LCD12864C;.\hardware\NRF24L01) DEBUG OBJECTEXTEND PRINT(.\Listings\main.lst) TABS(2) OBJECT(.\Objects\
                    -main.obj)

line level    source

   1          #include"lcd12864C.h"
   2          #include"ds1302.h"
   3          #include "nrf24l01.h"
   4          #include "delay.h"
   5          
   6          //-----------注意编码要转成ASCII编码--------------//
   7          uchar code table1[] = {"一"};
   8          uchar code table2[] = {"二"};
   9          uchar code table3[] = {"三\xfd"};         //keil的bug，编译器会忽略0xfd值的字符串
  10          uchar code table4[] = {"四"};
  11          uchar code table5[] = {"五"};
  12          uchar code table6[] = {"六"};
  13          uchar code table7[] = {"天"};
  14          
  15          uchar code node1[] = {"Ⅰ"};
  16          uchar code node2[] = {"Ⅱ"};
  17          uchar code node3[] = {"Ⅲ"};
  18          
  19          uchar code temperature[] = {"℃"};
  20          uchar code humidity[] = {"%RH"};
  21          uchar code rain[] = {"雨"};
  22          uchar code dosenot_receive[] = {"未上传数\xfd据"};
  23          uchar code do_receive[] = "    全都收到    ";
  24          
  25          
  26          uchar buf[6] = {0,0,0,0,0,0};
  27          uchar buf1[6] = {0,0,0,0,0,0};
  28          uchar buf2[6] = {0,0,0,0,0,0};
  29          uchar buf3[6] = {0,0,0,0,0,0};
  30          
  31          sbit key8 = P2^6;
  32          sbit key7 = P2^7;
  33          sbit key6 = P2^4;
  34          sbit key5 = P2^5;
  35          sbit key4 = P2^1;
  36          sbit key3 = P2^3;
  37          sbit key2 = P2^0;
  38          sbit key1 = P2^2;
  39          
  40          sbit speak = P1^0;
  41          
  42          uchar temp_sec = 0;
  43          
  44          uchar num5sec = 0;
  45          char flag = 0;
  46          
  47          
  48          void Int023Init()
  49          {
  50   1        TMOD = 0X10;    
  51   1        TH1=(65536-50000)/256;    
  52   1        TL1=(65536-50000)%256;
  53   1          ET1 = 1;
C51 COMPILER V9.54   MAIN                                                                  05/13/2019 20:34:22 PAGE 2   

  54   1          TR1 = 1;
  55   1              //设置INT0
  56   1              IT0=1;//跳变沿触发方式（下降沿）
  57   1              EX0=1;//打开外部中断0  
  58   1        
  59   1              //设置INT1
  60   1              IT1=1;//跳变沿触发方式（下降沿）
  61   1              EX1=1;//打开外部中断1    
  62   1              EA=1;//打开总中断      
  63   1      }
  64          
  65          void displayDHT()
  66          {
  67   1        LCD12864_SetWindow(0,2);
  68   1        LCD12864_DisplayString(temperature);
  69   1        LCD12864_SetWindow(0,4);
  70   1        LCD12864_DisplayString(humidity);
  71   1        LCD12864_SetWindow(0,7);
  72   1        LCD12864_DisplayString(rain);
  73   1      
  74   1          LCD12864_SetWindow(1,0);
  75   1          LCD12864_DisplayString(node1);
  76   1          LCD12864_WriteData('0' + buf1[1]/10);
  77   1          LCD12864_WriteData('0' + buf1[1]%10);
  78   1          LCD12864_WriteData('.');
  79   1          LCD12864_WriteData('0' + buf1[2]%10);   //温度只显示1位小数         
  80   1          LCD12864_SetWindow(1,4);
  81   1          LCD12864_WriteData('0' + buf1[3]/10);
  82   1          LCD12864_WriteData('0' + buf1[3]%10);
  83   1          LCD12864_WriteData('.');
  84   1          LCD12864_WriteData('0' + buf1[4]%10);   //湿度只显示1位小数 
  85   1          LCD12864_SetWindow(1,7);
  86   1          if((buf1[5] && 0x01) == 1)  
  87   1              LCD12864_WriteData('Y');
  88   1          else
  89   1              LCD12864_WriteData('N');
  90   1        
  91   1        
  92   1          LCD12864_SetWindow(2,0);
  93   1          LCD12864_DisplayString(node2);
  94   1          LCD12864_WriteData('0' + buf2[1]/10);
  95   1          LCD12864_WriteData('0' + buf2[1]%10);
  96   1          LCD12864_WriteData('.');
  97   1          LCD12864_WriteData('0' + buf2[2]%10);   //温度只显示1位小数         
  98   1          LCD12864_SetWindow(2,4);
  99   1          LCD12864_WriteData('0' + buf2[3]/10);
 100   1          LCD12864_WriteData('0' + buf2[3]%10);
 101   1          LCD12864_WriteData('.');
 102   1          LCD12864_WriteData('0' + buf2[4]%10);   //湿度只显示1位小数 
 103   1          LCD12864_SetWindow(2,7);
 104   1          if((buf2[5] && 0x01) == 1)  
 105   1              LCD12864_WriteData('Y');
 106   1          else
 107   1              LCD12864_WriteData('N');
 108   1        
 109   1          LCD12864_SetWindow(3,0);
 110   1          LCD12864_DisplayString(node3);
 111   1          LCD12864_WriteData('0' + buf3[1]/10);
 112   1          LCD12864_WriteData('0' + buf3[1]%10);
 113   1          LCD12864_WriteData('.');
 114   1          LCD12864_WriteData('0' + buf3[2]%10);   //温度只显示1位小数         
 115   1          LCD12864_SetWindow(3,4);
C51 COMPILER V9.54   MAIN                                                                  05/13/2019 20:34:22 PAGE 3   

 116   1          LCD12864_WriteData('0' + buf3[3]/10);
 117   1          LCD12864_WriteData('0' + buf3[3]%10);
 118   1          LCD12864_WriteData('.');
 119   1          LCD12864_WriteData('0' + buf3[4]%10);   //湿度只显示1位小数 
 120   1          LCD12864_SetWindow(3,7);
 121   1          if((buf3[5] && 0x01) == 1)  
 122   1              LCD12864_WriteData('Y');
 123   1          else
 124   1              LCD12864_WriteData('N');
 125   1          delay_1ms(50);
 126   1      }
 127          
 128          //检测是否上传数据
 129          void check_upload_data()
 130          {
 131   1          LCD12864_SetWindow(3,0);
 132   1            
 133   1          if(buf1[0] != 1)
 134   1              LCD12864_DisplayString(node1);
 135   1          else
 136   1          {LCD12864_WriteData(' '); LCD12864_WriteData(' ');}
 137   1          
 138   1          if(buf2[0] != 2)
 139   1              LCD12864_DisplayString(node2);
 140   1          else
 141   1          {LCD12864_WriteData(' '); LCD12864_WriteData(' ');}
 142   1          
 143   1          if(buf3[0] != 3)
 144   1              LCD12864_DisplayString(node3);
 145   1          else
 146   1          {LCD12864_WriteData(' '); LCD12864_WriteData(' ');}
 147   1          
 148   1          if((buf1[0] != 1) || (buf2[0] != 2) || (buf3[0] != 3))
 149   1          {
 150   2              LCD12864_SetWindow(3,3);
 151   2              LCD12864_DisplayString(dosenot_receive);
 152   2          }
 153   1          else
 154   1          {
 155   2              LCD12864_SetWindow(3,0);
 156   2              LCD12864_DisplayString(do_receive);
 157   2          }
 158   1          
 159   1          if((buf1[5] && buf2[5] && buf3[5] && 0x01) == 1)//三个模块都有雨，则显示下雨
 160   1          {
 161   2              LCD12864_SetWindow(1,0);
 162   2              LCD12864_DisplayString(rain);
 163   2          }
 164   1          else
 165   1          {
 166   2              LCD12864_SetWindow(1,0);
 167   2              LCD12864_WriteData(' ');
 168   2              LCD12864_WriteData(' ');
 169   2          }
 170   1              
 171   1          LCD12864_SetWindow(1,5);
 172   1          LCD12864_WriteData(' ');
 173   1          LCD12864_WriteData(' ');
 174   1          LCD12864_WriteData(' ');
 175   1          LCD12864_WriteData(' ');
 176   1          LCD12864_WriteData(' ');
 177   1          LCD12864_WriteData(' ');
C51 COMPILER V9.54   MAIN                                                                  05/13/2019 20:34:22 PAGE 4   

 178   1        
 179   1          buf1[0] = 0;
 180   1          buf2[0] = 0;
 181   1          buf3[0] = 0;
 182   1      }
 183          
 184          
 185          //时钟
 186          void LcdDisplay()
 187          {
 188   1        char i;
 189   1        
 190   1        if(temp_sec == TIME[0])
 191   1          return;
 192   1        
 193   1        else
 194   1        {
 195   2        //设置显示位置在第3行第3个字处
 196   2          LCD12864_WriteCmd(0x8a);
 197   2          if(TIME[2]/16)
 198   2            LCD12864_WriteData('0'+TIME[2]/16);       //时
 199   2          else
 200   2            LCD12864_WriteData(' ');
 201   2          LCD12864_WriteData('0'+(TIME[2]&0x0f));   
 202   2          
 203   2          LCD12864_SetWindow(2,4);
 204   2          if(TIME[1]/16)
 205   2            LCD12864_WriteData('0'+TIME[1]/16);       //分
 206   2          else
 207   2            LCD12864_WriteData(' ');
 208   2          LCD12864_WriteData('0'+(TIME[1]&0x0f)); 
 209   2          
 210   2          LCD12864_SetWindow(2,6);
 211   2          if(TIME[0]/16)
 212   2            LCD12864_WriteData('0'+TIME[0]/16);       //秒
 213   2          else
 214   2            LCD12864_WriteData(' ');
 215   2          LCD12864_WriteData('0'+(TIME[0]&0x0f));
 216   2          
 217   2          temp_sec = TIME[0];
 218   2        
 219   2        //设置显示位置在第1行第3个字处
 220   2          LCD12864_WriteCmd(0x82);      
 221   2          LCD12864_WriteData('0'+TIME[6]/16);     //年
 222   2          LCD12864_WriteData('0'+(TIME[6]&0x0f));
 223   2          LCD12864_SetWindow(0,4);
 224   2          LCD12864_WriteData('0'+TIME[4]/16);     //月  
 225   2          LCD12864_WriteData('0'+(TIME[4]&0x0f));
 226   2          LCD12864_SetWindow(0,6);
 227   2          LCD12864_WriteData('0'+TIME[3]/16);     //日
 228   2          LCD12864_WriteData('0'+(TIME[3]&0x0f)); 
 229   2      
 230   2          LCD12864_SetWindow(1,4);
 231   2          i = 0;
 232   2          switch(TIME[5]&0x07)                  //星期  
 233   2          {
 234   3            case 1:while(table1[i++] != '\0')       //table先将i的值取走，table[i]比较，然后i++
 235   3                    LCD12864_WriteData(table1[i-1]);    //此时i已经+1，所以i-1
 236   3                  break;
 237   3            case 2:while(table2[i] != '\0')           //了解了i++和++i
 238   3                    LCD12864_WriteData(table2[i++]);  //代码优化了
 239   3                  break;
C51 COMPILER V9.54   MAIN                                                                  05/13/2019 20:34:22 PAGE 5   

 240   3            case 3:while(table3[i] != '\0')
 241   3                    LCD12864_WriteData(table3[i++]);
 242   3                  break;
 243   3            case 4:while(table4[i] != '\0')
 244   3                    LCD12864_WriteData(table4[i++]);
 245   3                  break;
 246   3            case 5:while(table5[i] != '\0')
 247   3                    LCD12864_WriteData(table5[i++]);
 248   3                  break;
 249   3            
 250   3            case 6:while(table6[i] != '\0')
 251   3                    LCD12864_WriteData(table6[i++]);
 252   3                  break;
 253   3            case 7:while(table7[i] != '\0')
 254   3                    LCD12864_WriteData(table7[i++]);
 255   3                  break;
 256   3          } 
 257   2        } 
 258   1      }
 259          
 260          //按键
 261          void key_change_time()
 262          {
 263   1        char i = 0, address = 0, val  = 0,temp = 0;
 264   1        LCD12864_SetWindow(0,2);
 265   1        LCD12864_WriteCmd(0x0f);  //显示开，开光标
 266   1        while(1)
 267   1        {
 268   2          while(!key1)      //改变值
 269   2          {
 270   3            speak = 1;
 271   3            i = 1;
 272   3          }
 273   2          if(i == 1)
 274   2          {   
 275   3            temp++;
 276   3            val++;
 277   3            if(temp / 10)     //由于ds1302采用的BCD码
 278   3              if((temp % 10) == 0)
 279   3                val = val + 6;
 280   3          
 281   3            if(address == 0)          //地址在年
 282   3            { 
 283   4              if(temp > 99)           //超过2099年
 284   4              {val = 0; temp = 0;}
 285   4              TIME[6] = val;        
 286   4              LCD12864_WriteData('0'+TIME[6]/16);
 287   4              LCD12864_WriteData('0'+(TIME[6]&0x0f));   
 288   4              LCD12864_SetWindow(0,2);
 289   4            }
 290   3            else if(address == 1)   //地址在月
 291   3            { 
 292   4              if(temp > 12)         //超过12月
 293   4              {val = 1; temp = 1;}
 294   4              TIME[4] = val;            
 295   4              LCD12864_WriteData('0'+TIME[4]/16);
 296   4              LCD12864_WriteData('0'+(TIME[4]&0x0f));
 297   4              LCD12864_SetWindow(0,4);
 298   4            }
 299   3            else if(address == 2)   //地址在日
 300   3            {
 301   4              if(temp > 31)         //超过31日
C51 COMPILER V9.54   MAIN                                                                  05/13/2019 20:34:22 PAGE 6   

 302   4                {val = 1; temp = 1;}
 303   4              TIME[3] = val;      
 304   4              LCD12864_WriteData('0'+TIME[3]/16);
 305   4              LCD12864_WriteData('0'+(TIME[3]&0x0f));
 306   4              LCD12864_SetWindow(0,6);
 307   4            }
 308   3            else if(address == 3)     //地址在星期
 309   3            {
 310   4              if(temp > 7)
 311   4                { val = 1;  temp = 1;}
 312   4              TIME[5] = val;        
 313   4              LCD12864_WriteData('0'+TIME[5]/16);
 314   4              LCD12864_WriteData('0'+(TIME[5]&0x0f));
 315   4              LCD12864_SetWindow(1,4);
 316   4            }
 317   3            else if(address == 4)   //地址在时
 318   3            {
 319   4                if(temp > 23)
 320   4                  { val = 0;  temp = 0;}
 321   4                TIME[2] = val;            
 322   4                LCD12864_WriteData('0'+TIME[2]/16);
 323   4                LCD12864_WriteData('0'+(TIME[2]&0x0f));
 324   4                LCD12864_SetWindow(2,2);
 325   4            }
 326   3            else if(address == 5)   //地址在分
 327   3            {
 328   4              if(temp > 59)
 329   4                { val = 0;  temp = 0;}
 330   4              TIME[1] = val;      
 331   4              LCD12864_WriteData('0'+TIME[1]/16);
 332   4              LCD12864_WriteData('0'+(TIME[1]&0x0f));
 333   4              LCD12864_SetWindow(2,4);    
 334   4            }
 335   3            
 336   3            else if(address == 6)   //地址在秒
 337   3            {
 338   4              if(temp > 59)
 339   4                { val = 0;  temp = 0;}
 340   4              TIME[0] = val;            
 341   4              LCD12864_WriteData('0'+TIME[0]/16);
 342   4              LCD12864_WriteData('0'+(TIME[0]&0x0f));
 343   4              LCD12864_SetWindow(2,6);
 344   4            }
 345   3            
 346   3            i = 0;
 347   3          }
 348   2          while(!key2)      //改变值
 349   2          {
 350   3            speak = 1;
 351   3            i = 2;
 352   3          }
 353   2          if(i == 2)
 354   2          {   
 355   3            temp--;
 356   3            val--;
 357   3            if((temp % 10) == 9)      //由于ds1302采用的BCD码
 358   3                val = val - 6;
 359   3          
 360   3            if(address == 0)          //地址在年
 361   3            { 
 362   4              if((temp < 0))            //小于2000年
 363   4                { val = 0x99; temp = 99;}
C51 COMPILER V9.54   MAIN                                                                  05/13/2019 20:34:22 PAGE 7   

 364   4              TIME[6] = val;        
 365   4              LCD12864_WriteData('0'+TIME[6]/16);
 366   4              LCD12864_WriteData('0'+(TIME[6]&0x0f));   
 367   4              LCD12864_SetWindow(0,2);
 368   4            }
 369   3            else if(address == 1)   //地址在月
 370   3            { 
 371   4              if(temp < 1)          //小于1月
 372   4                { val = 0x12; temp = 12;}
 373   4              TIME[4] = val;            
 374   4              LCD12864_WriteData('0'+TIME[4]/16);
 375   4              LCD12864_WriteData('0'+(TIME[4]&0x0f));
 376   4              LCD12864_SetWindow(0,4);
 377   4            }
 378   3            else if(address == 2)   //地址在日
 379   3            {
 380   4              if(temp < 1)          //小于1日
 381   4                { val = 0x31; temp = 31;}
 382   4              TIME[3] = val;      
 383   4              LCD12864_WriteData('0'+TIME[3]/16);
 384   4              LCD12864_WriteData('0'+(TIME[3]&0x0f));
 385   4              LCD12864_SetWindow(0,6);
 386   4            }
 387   3            else if(address == 3)     //地址在星期
 388   3            {
 389   4              if(temp < 1)
 390   4                { val = 0x07; temp = 7;}
 391   4              TIME[5] = val;      
 392   4              LCD12864_WriteData('0'+TIME[5]/16);
 393   4              LCD12864_WriteData('0'+(TIME[5]&0x0f));
 394   4              LCD12864_SetWindow(1,4);
 395   4            }
 396   3            else if(address == 4)   //地址在时
 397   3            {
 398   4                if(temp < 0)
 399   4                  { val = 0x23; temp = 23;}
 400   4                TIME[2] = val;            
 401   4                LCD12864_WriteData('0'+TIME[2]/16);
 402   4                LCD12864_WriteData('0'+(TIME[2]&0x0f));
 403   4                LCD12864_SetWindow(2,2);
 404   4            }
 405   3            else if(address == 5)   //地址在分
 406   3            {
 407   4              if(temp < 0)
 408   4                { val = 0x59; temp = 59;}
 409   4              TIME[1] = val;      
 410   4              LCD12864_WriteData('0'+TIME[1]/16);
 411   4              LCD12864_WriteData('0'+(TIME[1]&0x0f));
 412   4              LCD12864_SetWindow(2,4);    
 413   4            }
 414   3            
 415   3            else if(address == 6)   //地址在秒
 416   3            {
 417   4              if(temp < 0)
 418   4                { val = 0x59; temp = 59;}
 419   4              TIME[0] = val;            
 420   4              LCD12864_WriteData('0'+TIME[0]/16);
 421   4              LCD12864_WriteData('0'+(TIME[0]&0x0f));
 422   4              LCD12864_SetWindow(2,6);
 423   4            } 
 424   3            
 425   3            i = 0;
C51 COMPILER V9.54   MAIN                                                                  05/13/2019 20:34:22 PAGE 8   

 426   3          }
 427   2      
 428   2          while(!key3)      //改变地址
 429   2          {
 430   3            speak = 1;
 431   3            i = 3;
 432   3          }
 433   2          if(i == 3)
 434   2          {
 435   3            address++;
 436   3            if(address == 0)          //地址在年
 437   3              LCD12864_SetWindow(0,2);
 438   3            else if(address == 1)   //地址在月
 439   3              LCD12864_SetWindow(0,4);
 440   3            else if(address == 2)   //地址在日
 441   3              LCD12864_SetWindow(0,6);  
 442   3            else if(address == 3)     //地址在星期
 443   3              LCD12864_SetWindow(1,4);
 444   3            else if(address == 4)   //地址在时
 445   3              LCD12864_SetWindow(2,2);
 446   3            else if(address == 5)   //地址在分
 447   3              LCD12864_SetWindow(2,4);
 448   3            else if(address == 6)   //地址在秒
 449   3              LCD12864_SetWindow(2,6);
 450   3            i = 0;
 451   3          }
 452   2          while(!key4)      //改变地址
 453   2          {
 454   3            speak = 1;
 455   3            i = 4;
 456   3          }
 457   2          if(i == 4)
 458   2          {
 459   3            if(address == 0)
 460   3              address = 7;
 461   3            address--;
 462   3            
 463   3            if(address == 0)          //地址在年
 464   3              LCD12864_SetWindow(0,2);
 465   3            else if(address == 1)   //地址在月
 466   3              LCD12864_SetWindow(0,4);
 467   3            else if(address == 2)   //地址在日
 468   3              LCD12864_SetWindow(0,6);  
 469   3            else if(address == 3)     //地址在星期
 470   3              LCD12864_SetWindow(1,4);
 471   3            else if(address == 4)   //地址在时
 472   3              LCD12864_SetWindow(2,2);
 473   3            else if(address == 5)   //地址在分
 474   3              LCD12864_SetWindow(2,4);
 475   3            else if(address == 6)   //地址在秒
 476   3              LCD12864_SetWindow(2,6);
 477   3            
 478   3            i = 0;
 479   3          }
 480   2          
 481   2          speak = 0;
 482   2          
 483   2          if(address == 7)
 484   2            break;  
 485   2        }
 486   1        
 487   1        Ds1302WriteTime();
C51 COMPILER V9.54   MAIN                                                                  05/13/2019 20:34:22 PAGE 9   

 488   1        LCD12864_WriteCmd(0x0c);  //显示开，关光标
 489   1        flag = 1;
 490   1      }
 491          
 492          
 493          void main()
 494          {
 495   1      
 496   1        flag = 1;
 497   1        delay_1ms(500);
 498   1        SI24R1_Init();
 499   1        Ds1302Init();
 500   1        LCD12864_Init();
 501   1        speak = 0;
 502   1        
 503   1        SI24R1_RX_Mode_multichannel();
 504   1        
 505   1        Int023Init();
 506   1        while(1)
 507   1        {
 508   2          if(flag == 0)
 509   2            key_change_time();
 510   2          if(flag == 1)
 511   2          {       
 512   3                Ds1302ReadTime();
 513   3                LcdDisplay();
 514   3          }
 515   2            
 516   2          if(flag == 5)
 517   2          {
 518   3            LCD12864_ClearScreen();
 519   3            displayDHT();
 520   3            delay_1ms(3500);
 521   3            LCD12864_Init();
 522   3            flag = 1;   
 523   3          }
 524   2          
 525   2          if(num5sec > 80)      //4秒检测1次节点是否上传数据
 526   2          {
 527   3            num5sec = 0;
 528   3            check_upload_data();
 529   3          } 
 530   2        }
 531   1      }
 532          
 533          void Key_5678() interrupt 0
 534          {
 535   1        while(!key5)
 536   1        {
 537   2          speak = 1;
 538   2          flag = 0;
 539   2        }
 540   1        
 541   1        while(!key8)
 542   1        {
 543   2          speak = 1;
 544   2          flag = 5;
 545   2        }
 546   1        
 547   1        while(!key6)
 548   1        {
 549   2          speak = 1;
C51 COMPILER V9.54   MAIN                                                                  05/13/2019 20:34:22 PAGE 10  

 550   2          buf1[5] = 0;
 551   2          buf2[5] = 0;
 552   2          buf3[5] = 0;
 553   2        }
 554   1        speak = 0;
 555   1      
 556   1      }
 557          
 558          void ReceivedData() interrupt 2
 559          {
 560   1          SI24R1_RxPacket(buf);
 561   1          speak = 0;
 562   1          if(buf[0] == 1)
 563   1          {
 564   2              buf1[0] = buf[0];
 565   2              buf1[1] = buf[1];
 566   2              buf1[2] = buf[2];
 567   2              buf1[3] = buf[3];
 568   2              buf1[4] = buf[4];
 569   2              buf1[5] = buf[5];
 570   2              if(buf1[5] > 1)
 571   2              {
 572   3                speak = 1;
 573   3                LCD12864_SetWindow(1,5);
 574   3                LCD12864_DisplayString(node1);
 575   3              }
 576   2          }
 577   1          if(buf[0] == 2)
 578   1          {
 579   2              buf2[0] = buf[0];
 580   2              buf2[1] = buf[1];
 581   2              buf2[2] = buf[2];
 582   2              buf2[3] = buf[3];
 583   2              buf2[4] = buf[4];
 584   2              buf2[5] = buf[5]; 
 585   2              if(buf2[5] > 1)
 586   2              {
 587   3                speak = 1;
 588   3                LCD12864_SetWindow(1,6);
 589   3                LCD12864_DisplayString(node2);
 590   3              }
 591   2          }
 592   1          if(buf[0] == 3)
 593   1          {
 594   2              buf3[0] = buf[0];
 595   2              buf3[1] = buf[1];
 596   2              buf3[2] = buf[2];
 597   2              buf3[3] = buf[3];
 598   2              buf3[4] = buf[4];
 599   2              buf3[5] = buf[5];
 600   2              if(buf3[5] > 1)
 601   2              {
 602   3                speak = 1;
 603   3                LCD12864_SetWindow(1,7);
 604   3                LCD12864_DisplayString(node3);
 605   3              }
 606   2          }
 607   1          buf[0] = 0;
 608   1      }
 609          
 610          void T1_time()interrupt 3     
 611          {
C51 COMPILER V9.54   MAIN                                                                  05/13/2019 20:34:22 PAGE 11  

 612   1        TH1=(65536-50000)/256;    
 613   1        TL1=(65536-50000)%256;    
 614   1        num5sec++;
 615   1        if(num5sec > 103)
 616   1            num5sec = 0;
 617   1      }


MODULE INFORMATION:   STATIC OVERLAYABLE
   CODE SIZE        =   2755    ----
   CONSTANT SIZE    =     68    ----
   XDATA SIZE       =   ----    ----
   PDATA SIZE       =   ----    ----
   DATA SIZE        =     27       5
   IDATA SIZE       =   ----    ----
   BIT SIZE         =   ----    ----
END OF MODULE INFORMATION.


C51 COMPILATION COMPLETE.  0 WARNING(S),  0 ERROR(S)
